<?xml version="1.0" encoding="UTF-8"?>
<!-- Generated by org.testng.reporters.JUnitReportReporter -->
<testsuite hostname="DESKTOP-HFJIJJP" failures="0" tests="3" name="com.testng.DataProvider" time="0.034" errors="0" timestamp="2022-07-28T10:01:06 GMT-07:00" skipped="0">
  <testcase classname="com.testng.DataProvider" name="datas" time="0.004"/>
  <testcase classname="com.testng.DataProvider" name="datas" time="0.027"/>
  <testcase classname="com.testng.DataProvider" name="datas" time="0.003"/>
</testsuite> <!-- com.testng.DataProvider -->
