<?xml version="1.0" encoding="UTF-8"?>
<!-- Generated by org.testng.reporters.JUnitReportReporter -->
<testsuite hostname="DESKTOP-HFJIJJP" failures="0" tests="6" name="com.testng.TestNG_CrossBrowser" time="27.132" errors="0" timestamp="2022-07-29T10:13:00 GMT-07:00" skipped="0">
  <testcase classname="com.testng.TestNG_CrossBrowser" name="login" time="4.697"/>
  <testcase classname="com.testng.TestNG_CrossBrowser" name="login" time="3.270"/>
  <testcase classname="com.testng.TestNG_CrossBrowser" name="login" time="6.857"/>
  <testcase classname="com.testng.TestNG_CrossBrowser" name="login" time="4.454"/>
  <testcase classname="com.testng.TestNG_CrossBrowser" name="login" time="3.250"/>
  <testcase classname="com.testng.TestNG_CrossBrowser" name="login" time="4.604"/>
</testsuite> <!-- com.testng.TestNG_CrossBrowser -->
