<?xml version="1.0" encoding="UTF-8"?>
<!-- Generated by org.testng.reporters.JUnitReportReporter -->
<testsuite hostname="DESKTOP-HFJIJJP" failures="0" tests="3" name="com.testng.Testng_Grouping" time="0.027" errors="0" timestamp="2022-07-26T09:31:46 GMT-07:00" skipped="0">
  <testcase classname="com.testng.Testng_Grouping" name="eMethod" time="0.002"/>
  <testcase classname="com.testng.Testng_Grouping" name="bMethod" time="0.023"/>
  <testcase classname="com.testng.Testng_Grouping" name="cMethod" time="0.002"/>
</testsuite> <!-- com.testng.Testng_Grouping -->
