<?xml version="1.0" encoding="UTF-8"?>
<!-- Generated by org.testng.reporters.JUnitReportReporter -->
<testsuite hostname="DESKTOP-HFJIJJP" failures="0" tests="3" name="com.testng.DataProvider" time="0.016" errors="0" timestamp="2022-07-29T09:51:21 GMT-07:00" skipped="0">
  <testcase classname="com.testng.DataProvider" name="datas" time="0.001"/>
  <testcase classname="com.testng.DataProvider" name="datas" time="0.013"/>
  <testcase classname="com.testng.DataProvider" name="datas" time="0.002"/>
</testsuite> <!-- com.testng.DataProvider -->
