<?xml version="1.0" encoding="UTF-8"?>
<!-- Generated by org.testng.reporters.JUnitReportReporter -->
<testsuite hostname="DESKTOP-HFJIJJP" failures="0" tests="2" name="com.testng.Testng_SimpleAnnotations" time="0.013" errors="0" timestamp="2022-07-22T08:57:51 GMT-07:00" skipped="0">
  <testcase classname="com.testng.Testng_SimpleAnnotations" name="iphone" time="0.011"/>
  <testcase classname="com.testng.Testng_SimpleAnnotations" name="lenovoLap" time="0.002"/>
</testsuite> <!-- com.testng.Testng_SimpleAnnotations -->
