<?xml version="1.0" encoding="UTF-8"?>
<!-- Generated by org.testng.reporters.JUnitReportReporter -->
<testsuite hostname="DESKTOP-HFJIJJP" failures="0" tests="10" name="com.testng.Testng_InvocationCount" time="0.035" errors="0" timestamp="2022-07-24T08:29:02 GMT-07:00" skipped="0">
  <testcase classname="com.testng.Testng_InvocationCount" name="aMethod" time="0.024"/>
  <testcase classname="com.testng.Testng_InvocationCount" name="bMethod" time="0.001"/>
  <testcase classname="com.testng.Testng_InvocationCount" name="dMethod" time="0.002"/>
  <testcase classname="com.testng.Testng_InvocationCount" name="cMethod" time="0.001"/>
  <testcase classname="com.testng.Testng_InvocationCount" name="aMethod" time="0.001"/>
  <testcase classname="com.testng.Testng_InvocationCount" name="bMethod" time="0.001"/>
  <testcase classname="com.testng.Testng_InvocationCount" name="bMethod" time="0.001"/>
  <testcase classname="com.testng.Testng_InvocationCount" name="cMethod" time="0.001"/>
  <testcase classname="com.testng.Testng_InvocationCount" name="cMethod" time="0.002"/>
  <testcase classname="com.testng.Testng_InvocationCount" name="cMethod" time="0.001"/>
</testsuite> <!-- com.testng.Testng_InvocationCount -->
