<?xml version="1.0" encoding="UTF-8"?>
<!-- Generated by org.testng.reporters.JUnitReportReporter -->
<testsuite hostname="DESKTOP-HFJIJJP" failures="0" tests="5" name="com.testng.Testng_Priority" time="0.027" errors="0" timestamp="2022-07-24T08:30:52 GMT-07:00" skipped="0">
  <testcase classname="com.testng.Testng_Priority" name="eMethod" time="0.002"/>
  <testcase classname="com.testng.Testng_Priority" name="bMethod" time="0.020"/>
  <testcase classname="com.testng.Testng_Priority" name="dMethod" time="0.002"/>
  <testcase classname="com.testng.Testng_Priority" name="cMethod" time="0.002"/>
  <testcase classname="com.testng.Testng_Priority" name="aMethod" time="0.001"/>
</testsuite> <!-- com.testng.Testng_Priority -->
