<?xml version="1.0" encoding="UTF-8"?>
<!-- Generated by org.testng.reporters.JUnitReportReporter -->
<testsuite hostname="DESKTOP-HFJIJJP" failures="0" tests="4" name="com.testng.Testng_Timeout" time="4.056" errors="0" timestamp="2022-07-25T09:07:21 GMT-07:00" skipped="0">
  <testcase classname="com.testng.Testng_Timeout" name="bMethod" time="1.008"/>
  <testcase classname="com.testng.Testng_Timeout" name="dMethod" time="0.002"/>
  <testcase classname="com.testng.Testng_Timeout" name="cMethod" time="1.011"/>
  <testcase classname="com.testng.Testng_Timeout" name="aMethod" time="2.035"/>
</testsuite> <!-- com.testng.Testng_Timeout -->
