<?xml version="1.0" encoding="UTF-8"?>
<!-- Generated by org.testng.reporters.JUnitReportReporter -->
<testsuite hostname="DESKTOP-HFJIJJP" failures="0" tests="3" name="com.testng.Testng_Ignore" time="0.016" errors="0" timestamp="2022-07-23T23:46:30 GMT-07:00" skipped="2">
  <testcase classname="com.testng.Testng_Ignore" name="cMethod" time="0.016"/>
  <testcase classname="com.testng.Testng_Ignore" name="aMethod">
    <skipped/>
  </testcase> <!-- aMethod -->
  <testcase classname="com.testng.Testng_Ignore" name="dMethod">
    <skipped/>
  </testcase> <!-- dMethod -->
</testsuite> <!-- com.testng.Testng_Ignore -->
