<?xml version="1.0" encoding="UTF-8"?>
<!-- Generated by org.testng.reporters.JUnitReportReporter -->
<testsuite hostname="DESKTOP-HFJIJJP" failures="0" tests="4" name="com.testng.Testng_Parallel" time="4.184" errors="0" timestamp="2022-07-26T09:53:45 GMT-07:00" skipped="0">
  <testcase classname="com.testng.Testng_Parallel" name="dMethod" time="1.046"/>
  <testcase classname="com.testng.Testng_Parallel" name="bMethod" time="1.046"/>
  <testcase classname="com.testng.Testng_Parallel" name="cMethod" time="1.046"/>
  <testcase classname="com.testng.Testng_Parallel" name="aMethod" time="1.046"/>
</testsuite> <!-- com.testng.Testng_Parallel -->
