<?xml version="1.0" encoding="UTF-8"?>
<!-- Generated by org.testng.reporters.JUnitReportReporter -->
<testsuite hostname="DESKTOP-HFJIJJP" failures="0" tests="10" name="com.testng.Testng_InvocationCount" time="0.161" errors="0" timestamp="2022-07-26T09:48:40 GMT-07:00" skipped="0">
  <testcase classname="com.testng.Testng_InvocationCount" name="dMethod" time="0.033"/>
  <testcase classname="com.testng.Testng_InvocationCount" name="bMethod" time="0.002"/>
  <testcase classname="com.testng.Testng_InvocationCount" name="cMethod" time="0.003"/>
  <testcase classname="com.testng.Testng_InvocationCount" name="cMethod" time="0.034"/>
  <testcase classname="com.testng.Testng_InvocationCount" name="aMethod" time="0.008"/>
  <testcase classname="com.testng.Testng_InvocationCount" name="bMethod" time="0.007"/>
  <testcase classname="com.testng.Testng_InvocationCount" name="cMethod" time="0.004"/>
  <testcase classname="com.testng.Testng_InvocationCount" name="cMethod" time="0.003"/>
  <testcase classname="com.testng.Testng_InvocationCount" name="aMethod" time="0.034"/>
  <testcase classname="com.testng.Testng_InvocationCount" name="bMethod" time="0.033"/>
</testsuite> <!-- com.testng.Testng_InvocationCount -->
