<?xml version="1.0" encoding="UTF-8"?>
<!-- Generated by org.testng.reporters.JUnitReportReporter -->
<testsuite hostname="DESKTOP-HFJIJJP" failures="0" tests="4" name="com.testng.Testng_ExpectedExceptions" time="0.018" errors="0" timestamp="2022-07-25T09:13:31 GMT-07:00" skipped="0">
  <testcase classname="com.testng.Testng_ExpectedExceptions" name="cMethod" time="0.001"/>
  <testcase classname="com.testng.Testng_ExpectedExceptions" name="dMethod" time="0.001"/>
  <testcase classname="com.testng.Testng_ExpectedExceptions" name="bMethod" time="0.001"/>
  <testcase classname="com.testng.Testng_ExpectedExceptions" name="aMethod" time="0.015"/>
</testsuite> <!-- com.testng.Testng_ExpectedExceptions -->
