<?xml version="1.0" encoding="UTF-8"?>
<!-- Generated by org.testng.reporters.JUnitReportReporter -->
<testsuite hostname="DESKTOP-HFJIJJP" failures="0" tests="2" name="com.testng.TestNG_Parameters" time="0.024" errors="0" timestamp="2022-07-28T09:51:21 GMT-07:00" skipped="0">
  <testcase classname="com.testng.TestNG_Parameters" name="method1" time="0.021"/>
  <testcase classname="com.testng.TestNG_Parameters" name="method2" time="0.003"/>
</testsuite> <!-- com.testng.TestNG_Parameters -->
