<?xml version="1.0" encoding="UTF-8"?>
<!-- Generated by org.testng.reporters.JUnitReportReporter -->
<testsuite hostname="DESKTOP-HFJIJJP" failures="0" tests="2" name="com.tests.TestExamples" time="3.220" errors="0" timestamp="2022-07-29T23:11:34 GMT-07:00" skipped="0">
  <testcase classname="com.tests.TestExamples" name="test2" time="0.282"/>
  <system-out/>
  <testcase classname="com.tests.TestExamples" name="restApi" time="2.938"/>
  <system-out/>
</testsuite> <!-- com.tests.TestExamples -->
